<?xml version="1.0" encoding="UTF-8" ?>
<testsuites disabled="0" errors="0" failures="0" tests="1" time="1.677">
 <testsuite name="SauceDemo Tests - Reusable Structure" timestamp="2025-07-11T10:58:11" hostname="localhost" time="1.677" errors="0" tests="1" skipped="0" disabled="0" failures="0">
  <testcase classname="SauceDemo Tests - Reusable Structure" name="should login successfully" time="1.675" />
 </testsuite>
</testsuites>